<?xml version="1.0" encoding="UTF-8"?>
<!-- Generated by org.testng.reporters.JUnitReportReporter -->
<testsuite hostname="Jovan-PC" failures="0" tests="2" name="com.example.nwtktsapi.e2e.LoginTest" time="6.189" errors="0" timestamp="2023-02-02T23:54:12 CET" skipped="0">
  <testcase classname="com.example.nwtktsapi.e2e.LoginTest" name="shouldSucceedLogin" time="3.205"/>
  <system-out/>
  <testcase classname="com.example.nwtktsapi.e2e.LoginTest" name="shouldFailLogin" time="2.984"/>
  <system-out/>
</testsuite> <!-- com.example.nwtktsapi.e2e.LoginTest -->
